<?xml version="1.0" encoding="UTF-8"?>
<testng-results ignored="0" total="1" passed="1" failed="0" skipped="0">
  <reporter-output>
  </reporter-output>
  <suite started-at="2023-03-16T10:47:29 IST" name="Default suite" finished-at="2023-03-16T10:47:49 IST" duration-ms="19191">
    <groups>
    </groups>
    <test started-at="2023-03-16T10:47:29 IST" name="Default test" finished-at="2023-03-16T10:47:49 IST" duration-ms="19191">
      <class name="IccScenarios.Scenario1">
        <test-method signature="scenario1()[pri:0, instance:IccScenarios.Scenario1@3c77d488]" started-at="2023-03-16T10:47:30 IST" name="scenario1" finished-at="2023-03-16T10:47:49 IST" duration-ms="19126" status="PASS">
          <reporter-output>
          </reporter-output>
        </test-method> <!-- scenario1 -->
      </class> <!-- IccScenarios.Scenario1 -->
    </test> <!-- Default test -->
  </suite> <!-- Default suite -->
</testng-results>
